2014-06-12 09:55:20 INFO: No global web.xml found
2014-06-12 09:55:21 INFO: Info: received max runtimes = 5
2014-06-12 09:55:21 INFO: jruby 1.6.8 (ruby-1.8.7-p357) (2012-09-18 1772b40) (Java HotSpot(TM) 64-Bit Server VM 1.7.0_51) [darwin-x86_64-java]
2014-06-12 09:55:21 INFO: Info: using runtime pool timeout of 30 seconds
2014-06-12 09:55:21 INFO: Info: received min runtimes = 1
2014-06-12 09:55:21 INFO: Info: received max runtimes = 5
2014-06-12 09:55:21 INFO: Info: received min runtimes = 1
2014-06-12 09:55:21 INFO: Info: received max runtimes = 5
2014-06-12 09:55:21 INFO: An exception happened during JRuby-Rack startup
No such file to load -- /Users/cole/projects/lineman/config/environment.rb
--- System
jruby 1.6.8 (ruby-1.8.7-p357) (2012-09-18 1772b40) (Java HotSpot(TM) 64-Bit Server VM 1.7.0_51) [darwin-x86_64-java]
Time: Thu Jun 12 09:55:21 +0200 2014
Server: Apache Tomcat/7.0.50
jruby.home: /Users/cole/.rvm/rubies/jruby-1.6.8

--- Context Init Parameters:
jruby.compat.version = 1.8.7
jruby.initial.runtimes = 1
jruby.max.runtimes = 5
jruby.min.runtimes = 1
public.root = /public
rails.env = development
rails.root = /

--- Backtrace
LoadError: No such file to load -- /Users/cole/projects/lineman/config/environment.rb
              load at org/jruby/RubyKernel.java:1087
  load_environment at file:/Users/cole/.rvm/gems/jruby-1.6.8@gefa/gems/jruby-rack-1.0.10/lib/jruby-rack-1.0.10.jar!/jruby/rack/rails.rb:54
            to_app at file:/Users/cole/.rvm/gems/jruby-1.6.8@gefa/gems/jruby-rack-1.0.10/lib/jruby-rack-1.0.10.jar!/jruby/rack/rails.rb:47
               new at file:/Users/cole/.rvm/gems/jruby-1.6.8@gefa/gems/jruby-rack-1.0.10/lib/jruby-rack-1.0.10.jar!/jruby/rack/rails.rb:193
            (root) at <web.xml>:1
     instance_eval at org/jruby/RubyKernel.java:2074
        initialize at file:/Users/cole/.rvm/gems/jruby-1.6.8@gefa/gems/jruby-rack-1.0.10/lib/jruby-rack-1.0.10.jar!/vendor/rack-1.3.2/rack/builder.rb:51
            (root) at <web.xml>:1

--- Bundler
undefined method `bundle_path' for Bundler:Module

--- JRuby-Rack Config
background_spooling = false
compat_version = RUBY1_8
filter_adds_html = true
filter_verifies_resource = false
ignore_environment = false
initial_runtimes = 1
jms_connection_factory = 
jms_jndi_properties = 
logger = org.jruby.rack.logging.ServletContextLogger@595188bf
logger_class_name = servlet_context
logger_name = jruby.rack
maximum_runtimes = 5
memory_buffer_size = 65536
num_initializer_threads = 
rackup = 
rackup_path = 
rewindable = true
runtime_timeout_seconds = 
serial_initialization = false
servlet_context = org.apache.catalina.core.ApplicationContextFacade@8a27ad5

--- $LOAD_PATH:
file:/Users/cole/.rvm/gems/jruby-1.6.8@gefa/gems/jruby-rack-1.0.10/lib/jruby-rack-1.0.10.jar!/vendor/rack-1.3.2
/Users/cole/.rvm/rubies/jruby-1.6.8/lib/ruby/site_ruby/1.8
/Users/cole/.rvm/rubies/jruby-1.6.8/lib/ruby/site_ruby/shared
/Users/cole/.rvm/rubies/jruby-1.6.8/lib/ruby/1.8
.
2014-06-12 09:55:21 SEVERE: Error: unable to initialize application
2014-06-12 09:55:51 INFO: Creation of SecureRandom instance for session ID generation using [SHA1PRNG] took [316] milliseconds.
2014-06-12 09:55:51 INFO: Pausing ProtocolHandler ["http-bio-3001"]
2014-06-12 09:55:51 INFO: Stopping service Tomcat
